1580b3f8015779ae2a
62c5641a0145716e3c,02fe534b020a5b924d,9241379d0293a7d487,940bfb9602ecea11e9
40298f9801741fac88,6e937ad9019344fb59,85e0fd59026465557c,27ef7cbc01b63510c2
4090066c018d305a6f,742e51c40218afa0d6
ed9391c901f62dfda1,1704729e028389e91a
3b7f932e01d673405b
47c9b5e802a2b8920d,8370ad4f0113ff77e0,969d54f9026ec3ecfd
04b30e960247f19aaf
37583f67015b76902e,83dc4820010077b7ae,54562b9602fd527d3a,7b879e44027883b4c8
a6a1dcb201793cad34,f547afbd0117049d8d,fa3349f5018edb4198
2e3225000215b4ce4e
2fe0b57e0109e80fa8,3e6ac029023f9747b5
92e4fc550233376e4f,2c19263d02d366fdf8
79c3dc9701ceaad3db,df5a0e8f018194b2cb,efddbd1701cc20829b,5fb7b27401677132d0
ffe9669b02d3808c30,f0773590284467d76,4c0adba01fc01adcb,3225606011db047ef
910f6b001bd46459e
41d36ed802aa19492b,51eefc7a01e66246ab
a1337a8401b1a9758d,ca68636c02497aaeba,d9ac42a801c94ee29d,f7f2c5650179cea68b
250dbbf802c898123b,89e4594001584d8999,9995dcb401f05541e5,9a0e966f013ed1acab,523be7850159b48738
5bfe431a02d23cf3e5
5caded4f01506d42b4,6ba458c0016ea98913,721f5ec101bcae7661
24365f0901c2e9de45,25d84b940277286fcb
2c3d315d01885d22ca,5687fb3c01883b66b5,816e6fd002e029a6c1
854a3a5102c3dc5cf6,b16904d402dcb85bad,3bd3be5a01b555f599
aa6fdfad01ed57d8cf,c7eff98a023f5ddd2a,f14058f20214320cbc,815ff8cc02a08edf78,93c5f5150273ba1f55
a708ac45018c56492d,bd2a20cc01c55e1859,bd39e2700228f59003,0d5eac7f0107558964,164ae28e01fccd78f0
4dbfea4b01e61a1d3f,6d5943f901ea5344f9,05d4cb85013971d28a,1effa1970113fa7297,9aa0cbb301a57be153
182f5d1401b7fd9d19,3d66e2080219ca0f57,9e28a45901fbca3209
a86447a602bafd1f23,bf09ba1e023b699845
caf53a8002a2754d40,0d7c91370153d6f31d,19f1d5e20232cc6e35,841e100701d91f9a6b,c0f3759202baa8c19c
ce5c818b02267816b8,790238001689ccfad,2f26d180219cbf4a4,f3d811e025227f223
e5202d70103e64084,0f93cd5102bad51591,141e40380120efdc8b,165df2e30294c0cb3a
3cb6b8f6018b359461,c7d80b000161954e1c,0ae6386b01ff434e97,0ce1b66f02ea461a1d
182b7621027057fd97,3ceadac302d3e022dc,c0d06c3b0204c5e383,cc86fef60297e005a6,4b57053c02388a4578
5b31160902e5baffc6
b3dba3e7028ff9087a
0e9319a9020354e3d4
16d797ad02f21c6bee,25c7415402f7b3f69e
30d4f9a10139dfb8ca,38dffaf201777a5b76,3fca2b4601856f867c
6e79ac6d01f4a27d10,7090914001e4e48712,8ab413b401e5a894a4
96f5f30001f8e45ace,044f720a022d9df562,0e754baf02f03fe1be,627e116f01442e6749
773707580271f53307,b945a4000299d0e85e,cb3192e501090d7fc4
da3b2feb02edf8cbda
27e7c4c602b8a3789f,5f2f8d00014c68fe12
1c45018801b0176f9f
42c86634022366ba2d
5132b5e6028fe49ac5,d9cf97d201c8e4063d,fedfdcd2021d0b624c,060ddf3f02ee586df1,1e779b76016897a788
289fc82501d2eae4a9,4791ea5f024a27f708,513308fc029f144f51,794f457602e5eb7766,ade90c5101a8c952e9
f3a54b5102a5645179,2fd5d3a801c024c763,4a1b3471029bd38074,f95a5ffa01c3e10611
537b07e0240f37ab3,26c8e95023a66e085